c:\users\user\miia0106-2025-b\lab06\lab0601\lab0601\x64\debug\vc145.pdb
c:\users\user\miia0106-2025-b\lab06\lab0601\lab0601\x64\debug\vc145.idb
c:\users\user\miia0106-2025-b\lab06\lab0601\lab0601\x64\debug\lab0601.obj
c:\users\user\miia0106-2025-b\lab06\lab0601\lab0601\x64\debug\lab0601.ilk
c:\users\user\miia0106-2025-b\lab06\lab0601\x64\debug\lab0601.pdb
c:\users\user\miia0106-2025-b\lab06\lab0601\lab0601\x64\debug\lab0601.tlog\cl.command.1.tlog
c:\users\user\miia0106-2025-b\lab06\lab0601\lab0601\x64\debug\lab0601.tlog\cl.items.tlog
c:\users\user\miia0106-2025-b\lab06\lab0601\lab0601\x64\debug\lab0601.tlog\cl.read.1.tlog
c:\users\user\miia0106-2025-b\lab06\lab0601\lab0601\x64\debug\lab0601.tlog\cl.write.1.tlog
c:\users\user\miia0106-2025-b\lab06\lab0601\lab0601\x64\debug\lab0601.tlog\link.13084-cvtres.read.1.tlog
c:\users\user\miia0106-2025-b\lab06\lab0601\lab0601\x64\debug\lab0601.tlog\link.13084-cvtres.write.1.tlog
c:\users\user\miia0106-2025-b\lab06\lab0601\lab0601\x64\debug\lab0601.tlog\link.13084-rc.read.1.tlog
c:\users\user\miia0106-2025-b\lab06\lab0601\lab0601\x64\debug\lab0601.tlog\link.13084-rc.write.1.tlog
c:\users\user\miia0106-2025-b\lab06\lab0601\lab0601\x64\debug\lab0601.tlog\link.13084.read.1.tlog
c:\users\user\miia0106-2025-b\lab06\lab0601\lab0601\x64\debug\lab0601.tlog\link.13084.read.2.tlog
c:\users\user\miia0106-2025-b\lab06\lab0601\lab0601\x64\debug\lab0601.tlog\link.13084.write.1.tlog
c:\users\user\miia0106-2025-b\lab06\lab0601\lab0601\x64\debug\lab0601.tlog\link.command.1.tlog
c:\users\user\miia0106-2025-b\lab06\lab0601\lab0601\x64\debug\lab0601.tlog\link.read.1.tlog
c:\users\user\miia0106-2025-b\lab06\lab0601\lab0601\x64\debug\lab0601.tlog\link.secondary.1.tlog
c:\users\user\miia0106-2025-b\lab06\lab0601\lab0601\x64\debug\lab0601.tlog\link.write.1.tlog
